mode: set
github.com/nodejayes/gotools/types/double.go:25.38,26.18 1 1
github.com/nodejayes/gotools/types/double.go:92.2,96.3 2 1
github.com/nodejayes/gotools/types/double.go:27.11,31.4 1 1
github.com/nodejayes/gotools/types/double.go:32.13,36.4 1 1
github.com/nodejayes/gotools/types/double.go:37.13,41.4 1 1
github.com/nodejayes/gotools/types/double.go:42.13,46.4 1 1
github.com/nodejayes/gotools/types/double.go:47.15,51.4 1 1
github.com/nodejayes/gotools/types/double.go:52.15,56.4 1 1
github.com/nodejayes/gotools/types/double.go:57.14,59.17 2 1
github.com/nodejayes/gotools/types/double.go:66.3,69.4 1 1
github.com/nodejayes/gotools/types/double.go:70.14,72.17 2 1
github.com/nodejayes/gotools/types/double.go:79.3,82.4 1 1
github.com/nodejayes/gotools/types/double.go:83.15,88.4 2 1
github.com/nodejayes/gotools/types/double.go:89.14,90.20 1 1
github.com/nodejayes/gotools/types/double.go:59.17,65.4 2 1
github.com/nodejayes/gotools/types/double.go:72.17,78.4 2 1
github.com/nodejayes/gotools/types/double.go:100.43,103.2 2 1
github.com/nodejayes/gotools/types/double.go:106.49,107.38 1 1
github.com/nodejayes/gotools/types/double.go:110.2,112.41 3 1
github.com/nodejayes/gotools/types/double.go:115.2,118.31 4 1
github.com/nodejayes/gotools/types/double.go:107.38,109.3 1 1
github.com/nodejayes/gotools/types/double.go:112.41,114.3 1 1
github.com/nodejayes/gotools/types/double.go:122.50,123.38 1 1
github.com/nodejayes/gotools/types/double.go:126.2,128.41 3 1
github.com/nodejayes/gotools/types/double.go:131.2,134.32 4 1
github.com/nodejayes/gotools/types/double.go:123.38,125.3 1 1
github.com/nodejayes/gotools/types/double.go:128.41,130.3 1 1
github.com/nodejayes/gotools/types/double.go:138.50,144.2 5 1
github.com/nodejayes/gotools/types/double.go:147.39,149.2 1 1
github.com/nodejayes/gotools/types/double.go:152.44,154.2 1 1
github.com/nodejayes/gotools/types/double.go:157.44,159.2 1 1
github.com/nodejayes/gotools/types/double.go:162.42,163.18 1 1
github.com/nodejayes/gotools/types/double.go:166.2,166.37 1 1
github.com/nodejayes/gotools/types/double.go:163.18,164.25 1 1
github.com/nodejayes/gotools/types/double.go:171.38,173.2 1 1
github.com/nodejayes/gotools/types/double.go:176.38,178.2 1 1
github.com/nodejayes/gotools/types/double.go:181.52,182.27 1 1
github.com/nodejayes/gotools/types/double.go:185.2,185.27 1 1
github.com/nodejayes/gotools/types/double.go:188.2,188.11 1 1
github.com/nodejayes/gotools/types/double.go:182.27,184.3 1 1
github.com/nodejayes/gotools/types/double.go:185.27,187.3 1 1
github.com/nodejayes/gotools/types/double.go:192.53,194.2 1 1
github.com/nodejayes/gotools/types/double.go:198.33,200.2 1 1
github.com/nodejayes/gotools/types/double.go:203.52,205.2 1 1
github.com/nodejayes/gotools/types/double.go:208.40,210.2 1 1
github.com/nodejayes/gotools/types/double.go:213.41,215.2 1 1
github.com/nodejayes/gotools/types/double.go:218.41,220.2 1 1
github.com/nodejayes/gotools/types/integer.go:21.40,22.18 1 1
github.com/nodejayes/gotools/types/integer.go:88.2,92.3 2 1
github.com/nodejayes/gotools/types/integer.go:23.11,27.4 1 1
github.com/nodejayes/gotools/types/integer.go:28.13,32.4 1 1
github.com/nodejayes/gotools/types/integer.go:33.13,37.4 1 1
github.com/nodejayes/gotools/types/integer.go:38.13,42.4 1 1
github.com/nodejayes/gotools/types/integer.go:43.15,47.4 1 1
github.com/nodejayes/gotools/types/integer.go:48.15,52.4 1 1
github.com/nodejayes/gotools/types/integer.go:53.14,55.17 2 1
github.com/nodejayes/gotools/types/integer.go:62.3,65.4 1 1
github.com/nodejayes/gotools/types/integer.go:66.14,68.17 2 1
github.com/nodejayes/gotools/types/integer.go:75.3,78.4 1 1
github.com/nodejayes/gotools/types/integer.go:79.14,84.4 2 1
github.com/nodejayes/gotools/types/integer.go:85.15,86.21 1 1
github.com/nodejayes/gotools/types/integer.go:55.17,61.4 2 1
github.com/nodejayes/gotools/types/integer.go:68.17,74.4 2 1
github.com/nodejayes/gotools/types/integer.go:96.46,99.2 2 1
github.com/nodejayes/gotools/types/integer.go:102.42,104.2 1 1
github.com/nodejayes/gotools/types/integer.go:107.47,109.2 1 1
github.com/nodejayes/gotools/types/integer.go:112.47,114.2 1 1
github.com/nodejayes/gotools/types/integer.go:117.45,118.18 1 1
github.com/nodejayes/gotools/types/integer.go:121.2,121.38 1 1
github.com/nodejayes/gotools/types/integer.go:118.18,119.25 1 1
github.com/nodejayes/gotools/types/integer.go:125.35,127.2 1 1
github.com/nodejayes/gotools/types/integer.go:130.35,132.2 1 1
github.com/nodejayes/gotools/types/integer.go:135.35,137.2 1 1
github.com/nodejayes/gotools/types/integer.go:140.31,142.2 1 1
github.com/nodejayes/gotools/types/integer.go:145.37,147.2 1 1
github.com/nodejayes/gotools/types/integer.go:150.55,151.27 1 1
github.com/nodejayes/gotools/types/integer.go:154.2,154.27 1 1
github.com/nodejayes/gotools/types/integer.go:157.2,157.11 1 1
github.com/nodejayes/gotools/types/integer.go:151.27,153.3 1 1
github.com/nodejayes/gotools/types/integer.go:154.27,156.3 1 1
github.com/nodejayes/gotools/types/integer.go:161.34,163.2 1 1
github.com/nodejayes/gotools/types/integer.go:166.54,168.2 1 1
github.com/nodejayes/gotools/types/integer.go:171.42,173.2 1 1
github.com/nodejayes/gotools/types/integer.go:176.43,178.2 1 1
github.com/nodejayes/gotools/types/integer.go:181.43,183.2 1 1
